2018-06-28 14:21:21,025 [PythonService] INFO     service is run....
2018-06-28 14:21:21,026 [PythonService] INFO     I am runing....
2018-06-28 14:21:21,026 [PythonService] INFO     {u'test': u'test'}
2018-06-28 14:21:23,026 [PythonService] INFO     I am runing....
2018-06-28 14:21:23,026 [PythonService] INFO     {u'test': u'test'}
2018-06-28 14:21:25,026 [PythonService] INFO     I am runing....
2018-06-28 14:21:25,026 [PythonService] INFO     {u'test': u'test'}
2018-06-28 14:21:27,026 [PythonService] INFO     I am runing....
2018-06-28 14:21:27,026 [PythonService] INFO     {u'test': u'test'}
2018-06-28 14:21:29,026 [PythonService] INFO     I am runing....
2018-06-28 14:21:29,026 [PythonService] INFO     {u'test': u'test'}
2018-06-28 14:21:31,026 [PythonService] INFO     I am runing....
2018-06-28 14:21:31,026 [PythonService] INFO     {u'test': u'test'}
2018-06-28 14:21:33,026 [PythonService] INFO     I am runing....
2018-06-28 14:21:33,026 [PythonService] INFO     {u'test': u'test'}
2018-06-28 14:21:35,026 [PythonService] INFO     I am runing....
2018-06-28 14:21:35,026 [PythonService] INFO     {u'test': u'test'}
2018-06-28 14:21:36,559 [PythonService] INFO     service is stop....
2018-06-29 16:37:05,398 [PythonService] INFO     service  restart....
2018-06-29 17:19:14,779 [PythonService] INFO     service  runing....
2018-06-29 17:19:24,783 [PythonService] INFO     service  runing....
2018-06-29 17:19:34,790 [PythonService] INFO     service  runing....
2018-06-29 17:19:44,802 [PythonService] INFO     service  runing....
2018-06-29 17:19:54,809 [PythonService] INFO     service  runing....
2018-06-29 17:20:04,815 [PythonService] INFO     service  runing....
2018-06-29 17:20:14,822 [PythonService] INFO     service  runing....
2018-06-29 17:20:24,829 [PythonService] INFO     service  runing....
2018-06-29 17:20:34,839 [PythonService] INFO     service  runing....
2018-06-29 17:20:44,845 [PythonService] INFO     service  runing....
2018-06-29 17:20:54,852 [PythonService] INFO     service  runing....
2018-06-29 17:21:04,859 [PythonService] INFO     service  runing....
2018-06-29 17:21:14,865 [PythonService] INFO     service  runing....
2018-06-29 17:21:24,871 [PythonService] INFO     service  runing....
2018-06-29 17:21:34,878 [PythonService] INFO     service  runing....
2018-06-29 17:21:44,884 [PythonService] INFO     service  runing....
2018-06-29 17:21:54,898 [PythonService] INFO     service  runing....
2018-06-29 17:22:04,914 [PythonService] INFO     service  runing....
2018-06-29 17:22:14,930 [PythonService] INFO     service  runing....
2018-06-29 17:22:24,944 [PythonService] INFO     service  runing....
2018-06-29 17:22:34,957 [PythonService] INFO     service  runing....
2018-06-29 17:22:44,970 [PythonService] INFO     service  runing....
2018-06-29 17:22:54,986 [PythonService] INFO     service  runing....
2018-06-29 17:23:05,000 [PythonService] INFO     service  runing....
2018-06-29 17:23:15,013 [PythonService] INFO     service  runing....
2018-06-29 17:23:25,026 [PythonService] INFO     service  runing....
2018-06-29 17:23:35,040 [PythonService] INFO     service  runing....
2018-06-29 17:23:45,055 [PythonService] INFO     service  runing....
2018-06-29 17:23:55,069 [PythonService] INFO     service  runing....
2018-06-29 17:24:05,084 [PythonService] INFO     service  runing....
2018-06-29 17:24:15,098 [PythonService] INFO     service  runing....
2018-06-29 17:24:25,111 [PythonService] INFO     service  runing....
2018-06-29 17:24:35,125 [PythonService] INFO     service  runing....
2018-06-29 17:24:45,141 [PythonService] INFO     service  runing....
2018-06-29 17:24:55,154 [PythonService] INFO     service  runing....
2018-06-29 17:25:05,167 [PythonService] INFO     service  runing....
2018-06-29 17:25:15,181 [PythonService] INFO     service  runing....
2018-06-29 17:25:25,197 [PythonService] INFO     service  runing....
2018-06-29 17:25:35,213 [PythonService] INFO     service  runing....
2018-06-29 17:25:45,226 [PythonService] INFO     service  runing....
2018-06-29 17:25:55,243 [PythonService] INFO     service  runing....
2018-06-29 17:26:05,256 [PythonService] INFO     service  runing....
2018-06-29 17:26:15,272 [PythonService] INFO     service  runing....
2018-06-29 17:26:25,286 [PythonService] INFO     service  runing....
2018-06-29 17:26:35,302 [PythonService] INFO     service  runing....
2018-06-29 17:26:45,319 [PythonService] INFO     service  runing....
2018-06-29 17:26:55,334 [PythonService] INFO     service  runing....
2018-06-29 17:27:05,348 [PythonService] INFO     service  restart....
2018-06-29 17:27:15,519 [PythonService] INFO     service  runing....
2018-06-29 17:27:25,536 [PythonService] INFO     service  runing....
2018-06-29 17:27:35,553 [PythonService] INFO     service  runing....
2018-06-29 17:27:45,569 [PythonService] INFO     service  runing....
2018-06-29 17:27:55,584 [PythonService] INFO     service  runing....
2018-06-29 17:28:05,599 [PythonService] INFO     service  runing....
2018-06-29 17:28:15,615 [PythonService] INFO     service  runing....
2018-06-29 17:28:25,631 [PythonService] INFO     service  runing....
2018-06-29 17:28:35,644 [PythonService] INFO     service  runing....
2018-06-29 17:28:45,651 [PythonService] INFO     service  runing....
2018-06-29 17:28:55,667 [PythonService] INFO     service  runing....
2018-06-29 17:29:05,681 [PythonService] INFO     service  runing....
2018-06-29 17:29:15,697 [PythonService] INFO     service  runing....
2018-06-29 17:29:25,713 [PythonService] INFO     service  runing....
2018-06-29 17:29:35,727 [PythonService] INFO     service  runing....
2018-06-29 17:29:45,743 [PythonService] INFO     service  runing....
2018-06-29 17:29:55,746 [PythonService] INFO     service  runing....
2018-06-29 17:30:05,760 [PythonService] INFO     service  runing....
2018-06-29 17:30:15,776 [PythonService] INFO     service  runing....
2018-06-29 17:30:25,792 [PythonService] INFO     service  runing....
2018-06-29 17:30:35,805 [PythonService] INFO     service  runing....
2018-06-29 17:30:45,822 [PythonService] INFO     service  runing....
2018-06-29 17:30:55,835 [PythonService] INFO     service  runing....
2018-06-29 17:31:05,849 [PythonService] INFO     service  runing....
2018-06-29 17:31:15,865 [PythonService] INFO     service  runing....
2018-06-29 17:31:25,880 [PythonService] INFO     service  runing....
2018-06-29 17:31:35,894 [PythonService] INFO     service  runing....
2018-06-29 17:31:45,910 [PythonService] INFO     service  runing....
2018-06-29 17:31:55,924 [PythonService] INFO     service  runing....
2018-06-29 17:32:05,940 [PythonService] INFO     service  runing....
2018-06-29 17:32:15,953 [PythonService] INFO     service  runing....
2018-06-29 17:32:25,963 [PythonService] INFO     service  runing....
2018-06-29 17:32:35,979 [PythonService] INFO     service  runing....
2018-06-29 17:32:45,994 [PythonService] INFO     service  runing....
2018-06-29 17:32:56,009 [PythonService] INFO     service  runing....
2018-06-29 17:33:06,025 [PythonService] INFO     service  runing....
2018-06-29 17:33:16,039 [PythonService] INFO     service  runing....
2018-06-29 17:33:26,055 [PythonService] INFO     service  runing....
2018-06-29 17:33:36,069 [PythonService] INFO     service  runing....
2018-06-29 17:33:46,085 [PythonService] INFO     service  runing....
2018-06-29 17:33:56,099 [PythonService] INFO     service  runing....
2018-06-29 17:34:06,107 [PythonService] INFO     service  runing....
2018-06-29 17:34:16,119 [PythonService] INFO     service  runing....
2018-06-29 17:34:26,134 [PythonService] INFO     service  runing....
2018-06-29 17:34:36,150 [PythonService] INFO     service  runing....
2018-06-29 17:34:46,164 [PythonService] INFO     service  runing....
2018-06-29 17:34:56,180 [PythonService] INFO     service  runing....
2018-06-29 17:35:06,194 [PythonService] INFO     service  runing....
2018-06-29 17:35:16,210 [PythonService] INFO     service  runing....
2018-06-29 17:35:26,224 [PythonService] INFO     service  runing....
2018-06-29 17:35:36,240 [PythonService] INFO     service  runing....
2018-06-29 17:35:46,255 [PythonService] INFO     service  runing....
2018-06-29 17:35:56,269 [PythonService] INFO     service  runing....
2018-06-29 17:36:06,285 [PythonService] INFO     service  runing....
2018-06-29 17:36:16,299 [PythonService] INFO     service  runing....
2018-06-29 17:36:26,315 [PythonService] INFO     service  runing....
2018-06-29 17:36:36,331 [PythonService] INFO     service  runing....
2018-06-29 17:36:46,345 [PythonService] INFO     service  runing....
2018-06-29 17:36:56,361 [PythonService] INFO     service  runing....
2018-06-29 17:37:06,375 [PythonService] INFO     service  runing....
2018-06-29 17:37:16,391 [PythonService] INFO     service  runing....
2018-06-29 17:37:26,407 [PythonService] INFO     service  runing....
2018-06-29 17:37:36,421 [PythonService] INFO     service  runing....
2018-06-29 17:37:46,437 [PythonService] INFO     service  runing....
2018-06-29 17:37:56,451 [PythonService] INFO     service  runing....
2018-06-29 17:38:06,467 [PythonService] INFO     service  runing....
2018-06-29 17:38:16,480 [PythonService] INFO     service  runing....
2018-06-29 17:38:26,494 [PythonService] INFO     service  runing....
2018-06-29 17:38:36,500 [PythonService] INFO     service  runing....
2018-06-29 17:38:46,516 [PythonService] INFO     service  runing....
2018-06-29 17:38:56,530 [PythonService] INFO     service  runing....
2018-06-29 17:39:06,539 [PythonService] INFO     service  runing....
2018-06-29 17:39:16,555 [PythonService] INFO     service  runing....
2018-06-29 17:39:26,571 [PythonService] INFO     service  runing....
2018-06-29 17:39:36,585 [PythonService] INFO     service  runing....
2018-06-29 17:39:46,601 [PythonService] INFO     service  runing....
2018-06-29 17:39:56,615 [PythonService] INFO     service  runing....
2018-06-29 17:40:06,631 [PythonService] INFO     service  runing....
2018-06-29 17:40:16,648 [PythonService] INFO     service  runing....
2018-06-29 17:40:26,664 [PythonService] INFO     service  runing....
2018-06-29 17:40:36,678 [PythonService] INFO     service  runing....
2018-06-29 17:40:46,694 [PythonService] INFO     service  runing....
2018-06-29 17:40:56,709 [PythonService] INFO     service  runing....
2018-06-29 17:41:06,719 [PythonService] INFO     service  runing....
2018-06-29 17:41:16,733 [PythonService] INFO     service  runing....
2018-06-29 17:41:26,750 [PythonService] INFO     service  runing....
2018-06-29 17:41:36,766 [PythonService] INFO     service  runing....
2018-06-29 17:41:46,782 [PythonService] INFO     service  runing....
2018-06-29 17:41:56,796 [PythonService] INFO     service  runing....
2018-06-29 17:42:06,812 [PythonService] INFO     service  runing....
2018-06-29 17:42:16,829 [PythonService] INFO     service  runing....
2018-06-29 17:42:26,845 [PythonService] INFO     service  runing....
2018-06-29 17:42:36,861 [PythonService] INFO     service  runing....
2018-06-29 17:42:46,878 [PythonService] INFO     service  runing....
2018-06-29 17:42:56,894 [PythonService] INFO     service  runing....
2018-06-29 17:43:06,910 [PythonService] INFO     service  runing....
2018-06-29 17:43:16,924 [PythonService] INFO     service  runing....
2018-06-29 17:43:26,941 [PythonService] INFO     service  runing....
2018-06-29 17:43:36,959 [PythonService] INFO     service  runing....
2018-06-29 17:43:46,973 [PythonService] INFO     service  runing....
2018-06-29 17:43:56,989 [PythonService] INFO     service  runing....
2018-06-29 17:44:07,003 [PythonService] INFO     service  runing....
2018-06-29 17:44:17,020 [PythonService] INFO     service  runing....
2018-06-29 17:44:27,036 [PythonService] INFO     service  runing....
2018-06-29 17:44:37,052 [PythonService] INFO     service  runing....
2018-06-29 17:44:47,069 [PythonService] INFO     service  runing....
2018-06-29 17:44:57,085 [PythonService] INFO     service  runing....
2018-06-29 17:45:07,099 [PythonService] INFO     service  runing....
2018-06-29 17:45:17,115 [PythonService] INFO     service  runing....
2018-06-29 17:45:27,131 [PythonService] INFO     service  runing....
2018-06-29 17:45:37,147 [PythonService] INFO     service  runing....
2018-06-29 17:45:47,157 [PythonService] INFO     service  runing....
2018-06-29 17:45:57,173 [PythonService] INFO     service  runing....
2018-06-29 17:46:07,187 [PythonService] INFO     service  runing....
2018-06-29 17:46:17,201 [PythonService] INFO     service  runing....
2018-06-29 17:46:27,217 [PythonService] INFO     service  runing....
2018-06-29 17:46:37,233 [PythonService] INFO     service  runing....
2018-06-29 17:46:47,250 [PythonService] INFO     service  runing....
2018-06-29 17:46:57,266 [PythonService] INFO     service  runing....
2018-06-29 17:47:07,282 [PythonService] INFO     service  runing....
2018-06-29 17:47:17,296 [PythonService] INFO     service  runing....
2018-06-29 17:47:27,313 [PythonService] INFO     service  runing....
2018-06-29 17:47:37,328 [PythonService] INFO     service  runing....
2018-06-29 17:47:47,334 [PythonService] INFO     service  runing....
2018-06-29 17:47:57,348 [PythonService] INFO     service  runing....
2018-06-29 17:48:07,364 [PythonService] INFO     service  runing....
2018-06-29 17:48:17,380 [PythonService] INFO     service  runing....
2018-06-29 17:48:27,395 [PythonService] INFO     service  runing....
2018-06-29 17:48:37,411 [PythonService] INFO     service  runing....
2018-06-29 17:48:47,426 [PythonService] INFO     service  runing....
2018-06-29 17:48:57,440 [PythonService] INFO     service  runing....
2018-06-29 17:49:07,456 [PythonService] INFO     service  runing....
2018-06-29 17:49:17,470 [PythonService] INFO     service  runing....
2018-06-29 17:49:27,484 [PythonService] INFO     service  runing....
2018-06-29 17:49:37,500 [PythonService] INFO     service  runing....
2018-06-29 17:49:47,515 [PythonService] INFO     service  runing....
2018-06-29 17:49:57,532 [PythonService] INFO     service  runing....
2018-06-29 17:50:07,546 [PythonService] INFO     service  runing....
2018-06-29 17:50:17,562 [PythonService] INFO     service  runing....
2018-06-29 17:50:27,576 [PythonService] INFO     service  runing....
2018-06-29 17:50:37,592 [PythonService] INFO     service  runing....
2018-06-29 17:50:47,607 [PythonService] INFO     service  runing....
2018-06-29 17:50:57,621 [PythonService] INFO     service  runing....
2018-06-29 17:51:07,635 [PythonService] INFO     service  runing....
2018-06-29 17:51:17,651 [PythonService] INFO     service  runing....
2018-06-29 17:51:27,664 [PythonService] INFO     service  runing....
2018-06-29 17:51:37,680 [PythonService] INFO     service  runing....
2018-06-29 17:51:47,694 [PythonService] INFO     service  runing....
2018-06-29 17:51:57,710 [PythonService] INFO     service  runing....
2018-06-29 17:52:07,726 [PythonService] INFO     service  runing....
2018-06-29 17:52:17,740 [PythonService] INFO     service  runing....
2018-06-29 17:52:27,755 [PythonService] INFO     service  runing....
2018-06-29 17:52:37,769 [PythonService] INFO     service  runing....
2018-06-29 17:52:47,786 [PythonService] INFO     service  runing....
2018-06-29 17:52:57,801 [PythonService] INFO     service  runing....
2018-06-29 17:53:07,808 [PythonService] INFO     service  runing....
2018-06-29 17:53:17,822 [PythonService] INFO     service  runing....
2018-06-29 17:53:27,838 [PythonService] INFO     service  runing....
2018-06-29 17:53:37,852 [PythonService] INFO     service  runing....
2018-06-29 17:53:47,868 [PythonService] INFO     service  runing....
2018-06-29 17:53:57,884 [PythonService] INFO     service  runing....
2018-06-29 17:54:07,890 [PythonService] INFO     service  runing....
2018-06-29 17:54:17,904 [PythonService] INFO     service  runing....
2018-06-29 17:54:27,920 [PythonService] INFO     service  runing....
2018-06-29 17:54:37,934 [PythonService] INFO     service  runing....
2018-06-29 17:54:47,947 [PythonService] INFO     service  runing....
2018-06-29 17:54:57,963 [PythonService] INFO     service  runing....
2018-06-29 17:55:07,977 [PythonService] INFO     service  runing....
2018-06-29 17:55:17,993 [PythonService] INFO     service  runing....
2018-06-29 17:55:28,009 [PythonService] INFO     service  runing....
2018-06-29 17:55:38,025 [PythonService] INFO     service  runing....
2018-06-29 17:55:48,039 [PythonService] INFO     service  runing....
2018-06-29 17:55:58,055 [PythonService] INFO     service  runing....
2018-06-29 17:56:08,072 [PythonService] INFO     service  runing....
2018-06-29 17:56:18,088 [PythonService] INFO     service  runing....
2018-06-29 17:56:28,104 [PythonService] INFO     service  runing....
2018-06-29 17:56:38,119 [PythonService] INFO     service  runing....
2018-06-29 17:56:48,135 [PythonService] INFO     service  runing....
2018-06-29 17:56:58,151 [PythonService] INFO     service  runing....
2018-06-29 17:57:08,167 [PythonService] INFO     service  runing....
2018-06-29 17:57:18,184 [PythonService] INFO     service  runing....
2018-06-29 17:57:28,198 [PythonService] INFO     service  runing....
2018-06-29 17:57:38,213 [PythonService] INFO     service  runing....
2018-06-29 17:57:48,229 [PythonService] INFO     service  runing....
2018-06-29 17:57:58,243 [PythonService] INFO     service  runing....
2018-06-29 17:58:08,257 [PythonService] INFO     service  runing....
2018-06-29 17:58:18,273 [PythonService] INFO     service  runing....
2018-06-29 17:58:28,289 [PythonService] INFO     service  runing....
2018-06-29 17:58:38,302 [PythonService] INFO     service  runing....
2018-06-29 17:58:48,318 [PythonService] INFO     service  runing....
2018-06-29 17:58:58,328 [PythonService] INFO     service  runing....
2018-06-29 17:59:08,342 [PythonService] INFO     service  runing....
2018-06-29 17:59:18,358 [PythonService] INFO     service  runing....
2018-06-29 17:59:28,374 [PythonService] INFO     service  runing....
2018-06-29 17:59:38,381 [PythonService] INFO     service  runing....
2018-06-29 17:59:48,397 [PythonService] INFO     service  runing....
2018-06-29 17:59:58,414 [PythonService] INFO     service  runing....
2018-06-29 18:00:08,430 [PythonService] INFO     service  runing....
2018-06-29 18:00:18,444 [PythonService] INFO     service  runing....
2018-06-29 18:00:28,460 [PythonService] INFO     service  runing....
2018-06-29 18:00:38,473 [PythonService] INFO     service  runing....
2018-06-29 18:00:48,490 [PythonService] INFO     service  runing....
2018-06-29 18:00:58,505 [PythonService] INFO     service  runing....
2018-06-29 18:01:08,520 [PythonService] INFO     service  runing....
2018-06-29 18:01:18,528 [PythonService] INFO     service  runing....
2018-06-29 18:01:28,542 [PythonService] INFO     service  runing....
2018-06-29 18:01:38,559 [PythonService] INFO     service  runing....
2018-06-29 18:01:48,565 [PythonService] INFO     service  runing....
2018-06-29 18:01:58,579 [PythonService] INFO     service  runing....
2018-06-29 18:02:08,596 [PythonService] INFO     service  runing....
2018-06-29 18:02:18,612 [PythonService] INFO     service  runing....
2018-06-29 18:02:28,627 [PythonService] INFO     service  runing....
2018-06-29 18:02:38,642 [PythonService] INFO     service  runing....
2018-06-29 18:02:48,657 [PythonService] INFO     service  runing....
2018-06-29 18:02:58,673 [PythonService] INFO     service  runing....
2018-06-29 18:03:08,678 [PythonService] INFO     service  runing....
2018-06-29 18:03:18,694 [PythonService] INFO     service  runing....
2018-06-29 18:03:28,707 [PythonService] INFO     service  runing....
2018-06-29 18:03:38,723 [PythonService] INFO     service  runing....
2018-06-29 18:03:48,739 [PythonService] INFO     service  runing....
2018-06-29 18:03:58,753 [PythonService] INFO     service  runing....
2018-06-29 18:04:08,769 [PythonService] INFO     service  runing....
2018-06-29 18:04:18,783 [PythonService] INFO     service  runing....
2018-06-29 18:04:28,799 [PythonService] INFO     service  runing....
2018-06-29 18:04:38,813 [PythonService] INFO     service  runing....
2018-06-29 18:04:48,828 [PythonService] INFO     service  runing....
2018-06-29 18:04:58,844 [PythonService] INFO     service  runing....
2018-06-29 18:05:08,858 [PythonService] INFO     service  runing....
2018-06-29 18:05:18,874 [PythonService] INFO     service  runing....
2018-06-29 18:05:28,888 [PythonService] INFO     service  runing....
2018-06-29 18:05:38,904 [PythonService] INFO     service  runing....
2018-06-29 18:05:48,918 [PythonService] INFO     service  runing....
2018-06-29 18:05:58,933 [PythonService] INFO     service  runing....
2018-06-29 18:06:08,950 [PythonService] INFO     service  runing....
2018-06-29 18:06:18,966 [PythonService] INFO     service  runing....
2018-06-29 18:06:28,973 [PythonService] INFO     service  runing....
2018-06-29 18:06:38,989 [PythonService] INFO     service  runing....
2018-06-29 18:06:49,003 [PythonService] INFO     service  runing....
2018-06-29 18:06:59,019 [PythonService] INFO     service  runing....
2018-06-29 18:07:09,033 [PythonService] INFO     service  runing....
2018-06-29 18:07:19,049 [PythonService] INFO     service  runing....
2018-06-29 18:07:29,063 [PythonService] INFO     service  runing....
2018-06-29 18:07:39,078 [PythonService] INFO     service  runing....
2018-06-29 18:07:49,092 [PythonService] INFO     service  runing....
2018-06-29 18:07:59,108 [PythonService] INFO     service  runing....
2018-06-29 18:08:09,124 [PythonService] INFO     service  runing....
2018-06-29 18:08:19,138 [PythonService] INFO     service  runing....
2018-06-29 18:08:29,154 [PythonService] INFO     service  runing....
2018-06-29 18:08:39,167 [PythonService] INFO     service  runing....
2018-06-29 18:08:49,184 [PythonService] INFO     service  runing....
2018-06-29 18:08:59,198 [PythonService] INFO     service  runing....
2018-06-29 18:09:09,213 [PythonService] INFO     service  runing....
2018-06-29 18:09:19,230 [PythonService] INFO     service  runing....
2018-06-29 18:09:29,244 [PythonService] INFO     service  runing....
2018-06-29 18:09:39,259 [PythonService] INFO     service  runing....
2018-06-29 18:09:49,273 [PythonService] INFO     service  runing....
2018-06-29 18:09:59,289 [PythonService] INFO     service  runing....
2018-06-29 18:10:09,303 [PythonService] INFO     service  runing....
2018-06-29 18:10:19,318 [PythonService] INFO     service  runing....
2018-06-29 18:10:29,323 [PythonService] INFO     service  runing....
2018-06-29 18:10:39,338 [PythonService] INFO     service  runing....
2018-06-29 18:10:49,355 [PythonService] INFO     service  runing....
2018-06-29 18:10:59,361 [PythonService] INFO     service  runing....
2018-06-29 18:11:09,377 [PythonService] INFO     service  runing....
2018-06-29 18:11:19,392 [PythonService] INFO     service  runing....
2018-06-29 18:11:29,401 [PythonService] INFO     service  runing....
2018-06-29 18:11:39,417 [PythonService] INFO     service  runing....
2018-06-29 18:11:49,433 [PythonService] INFO     service  runing....
2018-06-29 18:11:59,447 [PythonService] INFO     service  runing....
2018-06-29 18:12:09,454 [PythonService] INFO     service  runing....
2018-06-29 18:12:19,470 [PythonService] INFO     service  runing....
2018-06-29 18:12:29,486 [PythonService] INFO     service  runing....
2018-06-29 18:12:39,502 [PythonService] INFO     service  runing....
2018-06-29 18:12:49,517 [PythonService] INFO     service  runing....
2018-06-29 18:12:59,532 [PythonService] INFO     service  runing....
2018-06-29 18:13:09,546 [PythonService] INFO     service  runing....
2018-06-29 18:13:19,562 [PythonService] INFO     service  runing....
2018-06-29 18:13:29,578 [PythonService] INFO     service  runing....
2018-06-29 18:13:39,595 [PythonService] INFO     service  runing....
2018-06-29 18:13:49,608 [PythonService] INFO     service  runing....
2018-06-29 18:13:59,625 [PythonService] INFO     service  runing....
2018-06-29 18:14:09,641 [PythonService] INFO     service  runing....
2018-06-29 18:14:19,657 [PythonService] INFO     service  runing....
2018-06-29 18:14:29,671 [PythonService] INFO     service  runing....
2018-06-29 18:14:39,677 [PythonService] INFO     service  runing....
2018-06-29 18:14:49,691 [PythonService] INFO     service  runing....
2018-06-29 18:14:59,707 [PythonService] INFO     service  runing....
2018-06-29 18:15:09,721 [PythonService] INFO     service  runing....
2018-06-29 18:15:19,736 [PythonService] INFO     service  runing....
2018-06-29 18:15:29,752 [PythonService] INFO     service  runing....
2018-06-29 18:15:39,756 [PythonService] INFO     service  runing....
2018-06-29 18:15:49,772 [PythonService] INFO     service  runing....
2018-06-29 18:15:59,788 [PythonService] INFO     service  runing....
2018-06-29 18:16:09,805 [PythonService] INFO     service  runing....
2018-06-29 18:16:19,821 [PythonService] INFO     service  runing....
2018-06-29 18:16:29,835 [PythonService] INFO     service  runing....
2018-06-29 18:16:39,852 [PythonService] INFO     service  runing....
2018-06-29 18:16:49,859 [PythonService] INFO     service  runing....
2018-06-29 18:16:59,865 [PythonService] INFO     service  runing....
2018-06-29 18:17:09,881 [PythonService] INFO     service  runing....
2018-06-29 18:17:19,897 [PythonService] INFO     service  runing....
2018-06-29 18:17:29,921 [PythonService] INFO     service  runing....
2018-06-29 18:17:39,937 [PythonService] INFO     service  runing....
2018-06-29 18:17:49,950 [PythonService] INFO     service  runing....
2018-06-29 18:17:59,963 [PythonService] INFO     service  runing....
2018-06-29 18:18:09,979 [PythonService] INFO     service  runing....
2018-06-29 18:18:19,992 [PythonService] INFO     service  runing....
2018-06-29 18:18:30,006 [PythonService] INFO     service  runing....
2018-06-29 18:18:40,020 [PythonService] INFO     service  runing....
2018-06-29 18:18:50,028 [PythonService] INFO     service  runing....
2018-06-29 18:19:00,042 [PythonService] INFO     service  runing....
2018-06-29 18:19:10,055 [PythonService] INFO     service  runing....
2018-06-29 18:19:20,069 [PythonService] INFO     service  runing....
2018-06-29 18:19:30,084 [PythonService] INFO     service  runing....
2018-06-29 18:19:40,096 [PythonService] INFO     service  runing....
2018-06-29 18:19:50,101 [PythonService] INFO     service  runing....
2018-06-29 18:20:00,128 [PythonService] INFO     service  runing....
2018-06-29 18:20:10,142 [PythonService] INFO     service  runing....
2018-06-29 18:20:20,157 [PythonService] INFO     service  runing....
2018-06-29 18:20:30,171 [PythonService] INFO     service  runing....
2018-06-29 18:20:40,187 [PythonService] INFO     service  runing....
2018-06-29 18:20:50,201 [PythonService] INFO     service  runing....
2018-06-29 18:21:00,216 [PythonService] INFO     service  runing....
2018-06-29 18:21:10,229 [PythonService] INFO     service  runing....
2018-06-29 18:21:20,242 [PythonService] INFO     service  runing....
2018-06-29 18:21:30,256 [PythonService] INFO     service  runing....
2018-06-29 18:21:40,267 [PythonService] INFO     service  runing....
2018-06-29 18:21:50,282 [PythonService] INFO     service  runing....
2018-06-29 18:22:00,296 [PythonService] INFO     service  runing....
2018-06-29 18:22:10,311 [PythonService] INFO     service  runing....
2018-06-29 18:22:20,325 [PythonService] INFO     service  runing....
2018-06-29 18:22:30,329 [PythonService] INFO     service  runing....
2018-06-29 18:22:40,338 [PythonService] INFO     service  runing....
2018-06-29 18:22:50,342 [PythonService] INFO     service  runing....
2018-06-29 18:23:00,357 [PythonService] INFO     service  runing....
2018-06-29 18:23:10,371 [PythonService] INFO     service  runing....
2018-06-29 18:23:20,385 [PythonService] INFO     service  runing....
2018-06-29 18:23:30,401 [PythonService] INFO     service  runing....
2018-06-29 18:23:40,417 [PythonService] INFO     service  runing....
2018-06-29 18:23:50,431 [PythonService] INFO     service  runing....
2018-06-29 18:24:00,440 [PythonService] INFO     service  runing....
2018-06-29 18:24:10,456 [PythonService] INFO     service  runing....
2018-06-29 18:24:20,470 [PythonService] INFO     service  runing....
2018-06-29 18:24:30,484 [PythonService] INFO     service  runing....
2018-06-29 18:24:40,490 [PythonService] INFO     service  runing....
2018-06-29 18:24:50,503 [PythonService] INFO     service  runing....
2018-06-29 18:25:00,520 [PythonService] INFO     service  runing....
2018-06-29 18:25:10,535 [PythonService] INFO     service  runing....
2018-06-29 18:25:20,540 [PythonService] INFO     service  runing....
2018-06-29 18:25:30,553 [PythonService] INFO     service  runing....
2018-06-29 18:25:40,559 [PythonService] INFO     service  runing....
2018-06-29 18:25:50,572 [PythonService] INFO     service  runing....
2018-06-29 18:26:00,585 [PythonService] INFO     service  runing....
2018-06-29 18:26:10,601 [PythonService] INFO     service  runing....
2018-06-29 18:26:20,615 [PythonService] INFO     service  runing....
2018-06-29 18:26:30,625 [PythonService] INFO     service  runing....
2018-06-29 18:26:40,631 [PythonService] INFO     service  runing....
2018-06-29 18:26:50,648 [PythonService] INFO     service  runing....
2018-06-29 18:27:00,657 [PythonService] INFO     service  runing....
2018-06-29 18:27:10,674 [PythonService] INFO     service  runing....
2018-06-29 18:27:20,690 [PythonService] INFO     service  runing....
2018-06-29 18:27:30,704 [PythonService] INFO     service  runing....
2018-06-29 18:27:40,720 [PythonService] INFO     service  runing....
2018-06-29 18:27:50,733 [PythonService] INFO     service  runing....
2018-06-29 18:28:00,744 [PythonService] INFO     service  runing....
2018-06-29 18:28:10,757 [PythonService] INFO     service  runing....
2018-06-29 18:28:20,776 [PythonService] INFO     service  runing....
2018-06-29 18:28:30,790 [PythonService] INFO     service  runing....
2018-06-29 18:28:40,809 [PythonService] INFO     service  runing....
2018-06-29 18:28:50,828 [PythonService] INFO     service  runing....
2018-06-29 18:29:00,838 [PythonService] INFO     service  runing....
2018-06-29 18:29:10,854 [PythonService] INFO     service  runing....
2018-06-29 18:29:20,868 [PythonService] INFO     service  runing....
2018-06-29 18:29:30,881 [PythonService] INFO     service  runing....
2018-06-29 18:29:40,898 [PythonService] INFO     service  runing....
2018-06-29 18:29:50,913 [PythonService] INFO     service  runing....
2018-06-29 18:30:00,931 [PythonService] INFO     service  runing....
2018-06-29 18:30:10,950 [PythonService] INFO     service  runing....
2018-06-29 18:30:20,963 [PythonService] INFO     service  runing....
2018-06-29 18:30:30,980 [PythonService] INFO     service  runing....
2018-06-29 18:30:40,996 [PythonService] INFO     service  runing....
2018-06-29 18:30:51,013 [PythonService] INFO     service  runing....
2018-06-29 18:31:01,032 [PythonService] INFO     service  runing....
2018-06-29 18:31:11,051 [PythonService] INFO     service  runing....
2018-06-29 18:31:21,066 [PythonService] INFO     service  runing....
2018-06-29 18:31:31,072 [PythonService] INFO     service  runing....
2018-06-29 18:31:41,088 [PythonService] INFO     service  runing....
2018-06-29 18:31:51,104 [PythonService] INFO     service  runing....
2018-06-29 18:32:01,115 [PythonService] INFO     service  runing....
2018-06-29 18:32:11,132 [PythonService] INFO     service  runing....
2018-06-29 18:32:21,150 [PythonService] INFO     service  runing....
2018-06-29 18:32:31,163 [PythonService] INFO     service  runing....
2018-06-29 18:32:41,173 [PythonService] INFO     service  runing....
2018-06-29 18:32:51,188 [PythonService] INFO     service  runing....
2018-06-29 18:33:01,204 [PythonService] INFO     service  runing....
2018-06-29 18:33:11,220 [PythonService] INFO     service  runing....
2018-06-29 18:33:21,236 [PythonService] INFO     service  runing....
2018-06-29 18:33:31,244 [PythonService] INFO     service  runing....
2018-06-29 18:33:41,262 [PythonService] INFO     service  runing....
2018-06-29 18:33:51,278 [PythonService] INFO     service  runing....
2018-06-29 18:34:01,290 [PythonService] INFO     service  runing....
2018-06-29 18:34:11,308 [PythonService] INFO     service  runing....
2018-06-29 18:34:21,323 [PythonService] INFO     service  runing....
2018-06-29 18:34:31,339 [PythonService] INFO     service  runing....
2018-06-29 18:34:41,357 [PythonService] INFO     service  runing....
2018-06-29 18:34:51,374 [PythonService] INFO     service  runing....
2018-06-29 18:35:01,390 [PythonService] INFO     service  runing....
2018-06-29 18:35:11,407 [PythonService] INFO     service  runing....
2018-06-29 18:35:21,423 [PythonService] INFO     service  runing....
2018-06-29 18:35:31,440 [PythonService] INFO     service  runing....
2018-06-29 18:35:41,453 [PythonService] INFO     service  runing....
2018-06-29 18:35:51,470 [PythonService] INFO     service  runing....
2018-06-29 18:36:01,486 [PythonService] INFO     service  runing....
2018-06-29 18:36:11,500 [PythonService] INFO     service  runing....
2018-06-29 18:36:21,516 [PythonService] INFO     service  runing....
2018-06-29 18:36:31,530 [PythonService] INFO     service  runing....
2018-06-29 18:36:41,545 [PythonService] INFO     service  runing....
2018-06-29 18:36:51,572 [PythonService] INFO     service  runing....
2018-06-29 18:37:01,585 [PythonService] INFO     service  runing....
2018-06-29 18:37:11,598 [PythonService] INFO     service  runing....
2018-06-29 18:37:21,607 [PythonService] INFO     service  runing....
2018-06-29 18:37:31,617 [PythonService] INFO     service  runing....
2018-06-29 18:37:41,630 [PythonService] INFO     service  runing....
2018-06-29 18:37:51,641 [PythonService] INFO     service  runing....
2018-06-29 18:38:01,657 [PythonService] INFO     service  runing....
2018-06-29 18:38:11,664 [PythonService] INFO     service  runing....
2018-06-29 18:38:21,678 [PythonService] INFO     service  runing....
2018-06-29 18:38:31,694 [PythonService] INFO     service  runing....
2018-06-29 18:38:41,707 [PythonService] INFO     service  runing....
2018-06-29 18:38:51,723 [PythonService] INFO     service  runing....
2018-06-29 18:39:01,733 [PythonService] INFO     service  runing....
2018-06-29 18:39:11,746 [PythonService] INFO     service  runing....
2018-06-29 18:39:21,756 [PythonService] INFO     service  runing....
2018-06-29 18:39:31,773 [PythonService] INFO     service  runing....
2018-06-29 18:39:41,789 [PythonService] INFO     service  runing....
2018-06-29 18:39:51,806 [PythonService] INFO     service  runing....
2018-06-29 18:40:01,822 [PythonService] INFO     service  runing....
2018-06-29 18:40:11,836 [PythonService] INFO     service  runing....
2018-06-29 18:40:21,849 [PythonService] INFO     service  runing....
2018-06-29 18:40:31,865 [PythonService] INFO     service  runing....
2018-06-29 18:40:41,881 [PythonService] INFO     service  runing....
2018-06-29 18:40:51,895 [PythonService] INFO     service  runing....
2018-06-29 18:41:01,911 [PythonService] INFO     service  runing....
2018-06-29 18:41:11,921 [PythonService] INFO     service  runing....
2018-06-29 18:41:21,938 [PythonService] INFO     service  runing....
2018-06-29 18:41:31,954 [PythonService] INFO     service  runing....
2018-06-29 18:41:41,973 [PythonService] INFO     service  runing....
2018-06-29 18:41:51,989 [PythonService] INFO     service  runing....
2018-06-29 18:42:02,005 [PythonService] INFO     service  runing....
2018-06-29 18:42:12,022 [PythonService] INFO     service  runing....
2018-06-29 18:42:22,036 [PythonService] INFO     service  runing....
2018-06-29 18:42:32,048 [PythonService] INFO     service  runing....
2018-06-29 18:42:42,062 [PythonService] INFO     service  runing....
2018-06-29 18:42:52,072 [PythonService] INFO     service  runing....
2018-06-29 18:43:02,088 [PythonService] INFO     service  runing....
2018-06-29 18:43:12,105 [PythonService] INFO     service  runing....
2018-06-29 18:43:22,118 [PythonService] INFO     service  runing....
2018-06-29 18:43:32,134 [PythonService] INFO     service  runing....
2018-06-29 18:43:42,151 [PythonService] INFO     service  runing....
2018-06-29 18:43:52,164 [PythonService] INFO     service  runing....
2018-06-29 18:44:02,170 [PythonService] INFO     service  runing....
2018-06-29 18:44:12,184 [PythonService] INFO     service  runing....
2018-06-29 18:44:22,197 [PythonService] INFO     service  runing....
2018-06-29 18:44:32,203 [PythonService] INFO     service  runing....
2018-06-29 18:44:42,207 [PythonService] INFO     service  runing....
2018-06-29 18:44:52,207 [PythonService] INFO     service  runing....
2018-07-20 18:00:02,000 [MonitorService] INFO     service  restart....
2018-07-20 18:00:12,960 [MonitorService] INFO     service  runing....
2018-07-20 18:00:17,346 [MonitorService] INFO     service is stop....
